/!\ FAILSAFE /!\  Sat Sep 17 15:49:58 -0700 2011
  Status: 500 Internal Server Error
  no such file to load -- sqlite3
    /Users/arrblair/.rvm/rubies/ruby-1.8.6-p420/lib/ruby/site_ruby/1.8/rubygems/custom_require.rb:31:in `gem_original_require'
    /Users/arrblair/.rvm/rubies/ruby-1.8.6-p420/lib/ruby/site_ruby/1.8/rubygems/custom_require.rb:31:in `require'
    /Users/arrblair/.rvm/gems/ruby-1.8.6-p420@headfirst/gems/activesupport-2.3.8/lib/active_support/dependencies.rb:156:in `require'
    /Users/arrblair/.rvm/gems/ruby-1.8.6-p420@headfirst/gems/activesupport-2.3.8/lib/active_support/dependencies.rb:521:in `new_constants_in'
    /Users/arrblair/.rvm/gems/ruby-1.8.6-p420@headfirst/gems/activesupport-2.3.8/lib/active_support/dependencies.rb:156:in `require'
    /Users/arrblair/.rvm/gems/ruby-1.8.6-p420@headfirst/gems/activesupport-2.3.8/lib/active_support/core_ext/kernel/requires.rb:7:in `require_library_or_gem'
    /Users/arrblair/.rvm/gems/ruby-1.8.6-p420@headfirst/gems/activesupport-2.3.8/lib/active_support/core_ext/kernel/reporting.rb:11:in `silence_warnings'
    /Users/arrblair/.rvm/gems/ruby-1.8.6-p420@headfirst/gems/activesupport-2.3.8/lib/active_support/core_ext/kernel/requires.rb:5:in `require_library_or_gem'
    /Users/arrblair/.rvm/gems/ruby-1.8.6-p420@headfirst/gems/activerecord-2.3.8/lib/active_record/connection_adapters/sqlite3_adapter.rb:10:in `sqlite3_connection'
    /Users/arrblair/.rvm/gems/ruby-1.8.6-p420@headfirst/gems/activerecord-2.3.8/lib/active_record/connection_adapters/abstract/connection_pool.rb:223:in `send'
    /Users/arrblair/.rvm/gems/ruby-1.8.6-p420@headfirst/gems/activerecord-2.3.8/lib/active_record/connection_adapters/abstract/connection_pool.rb:223:in `new_connection'
    /Users/arrblair/.rvm/gems/ruby-1.8.6-p420@headfirst/gems/activerecord-2.3.8/lib/active_record/connection_adapters/abstract/connection_pool.rb:245:in `checkout_new_connection'
    /Users/arrblair/.rvm/gems/ruby-1.8.6-p420@headfirst/gems/activerecord-2.3.8/lib/active_record/connection_adapters/abstract/connection_pool.rb:188:in `checkout'
    /Users/arrblair/.rvm/gems/ruby-1.8.6-p420@headfirst/gems/activerecord-2.3.8/lib/active_record/connection_adapters/abstract/connection_pool.rb:184:in `loop'
    /Users/arrblair/.rvm/gems/ruby-1.8.6-p420@headfirst/gems/activerecord-2.3.8/lib/active_record/connection_adapters/abstract/connection_pool.rb:184:in `checkout'
    /Users/arrblair/.rvm/rubies/ruby-1.8.6-p420/lib/ruby/1.8/monitor.rb:242:in `synchronize'
    /Users/arrblair/.rvm/gems/ruby-1.8.6-p420@headfirst/gems/activerecord-2.3.8/lib/active_record/connection_adapters/abstract/connection_pool.rb:183:in `checkout'
    /Users/arrblair/.rvm/gems/ruby-1.8.6-p420@headfirst/gems/activerecord-2.3.8/lib/active_record/connection_adapters/abstract/connection_pool.rb:98:in `connection'
    /Users/arrblair/.rvm/gems/ruby-1.8.6-p420@headfirst/gems/activerecord-2.3.8/lib/active_record/connection_adapters/abstract/connection_pool.rb:326:in `retrieve_connection'
    /Users/arrblair/.rvm/gems/ruby-1.8.6-p420@headfirst/gems/activerecord-2.3.8/lib/active_record/connection_adapters/abstract/connection_specification.rb:123:in `retrieve_connection'
    /Users/arrblair/.rvm/gems/ruby-1.8.6-p420@headfirst/gems/activerecord-2.3.8/lib/active_record/connection_adapters/abstract/connection_specification.rb:115:in `connection'
    /Users/arrblair/.rvm/gems/ruby-1.8.6-p420@headfirst/gems/activerecord-2.3.8/lib/active_record/query_cache.rb:9:in `cache'
    /Users/arrblair/.rvm/gems/ruby-1.8.6-p420@headfirst/gems/activerecord-2.3.8/lib/active_record/query_cache.rb:28:in `call'
    /Users/arrblair/.rvm/gems/ruby-1.8.6-p420@headfirst/gems/activerecord-2.3.8/lib/active_record/connection_adapters/abstract/connection_pool.rb:361:in `call'
    /Users/arrblair/.rvm/gems/ruby-1.8.6-p420@headfirst/gems/actionpack-2.3.8/lib/action_controller/string_coercion.rb:25:in `call'
    /Users/arrblair/.rvm/gems/ruby-1.8.6-p420@headfirst/gems/rack-1.1.2/lib/rack/head.rb:9:in `call'
    /Users/arrblair/.rvm/gems/ruby-1.8.6-p420@headfirst/gems/rack-1.1.2/lib/rack/methodoverride.rb:24:in `call'
    /Users/arrblair/.rvm/gems/ruby-1.8.6-p420@headfirst/gems/actionpack-2.3.8/lib/action_controller/params_parser.rb:15:in `call'
    /Users/arrblair/.rvm/gems/ruby-1.8.6-p420@headfirst/gems/actionpack-2.3.8/lib/action_controller/session/cookie_store.rb:99:in `call'
    /Users/arrblair/.rvm/gems/ruby-1.8.6-p420@headfirst/gems/actionpack-2.3.8/lib/action_controller/failsafe.rb:26:in `call'
    /Users/arrblair/.rvm/gems/ruby-1.8.6-p420@headfirst/gems/rack-1.1.2/lib/rack/lock.rb:11:in `call'
    /Users/arrblair/.rvm/gems/ruby-1.8.6-p420@headfirst/gems/rack-1.1.2/lib/rack/lock.rb:11:in `synchronize'
    /Users/arrblair/.rvm/gems/ruby-1.8.6-p420@headfirst/gems/rack-1.1.2/lib/rack/lock.rb:11:in `call'
    /Users/arrblair/.rvm/gems/ruby-1.8.6-p420@headfirst/gems/actionpack-2.3.8/lib/action_controller/dispatcher.rb:114:in `call'
    /Users/arrblair/.rvm/gems/ruby-1.8.6-p420@headfirst/gems/actionpack-2.3.8/lib/action_controller/reloader.rb:34:in `run'
    /Users/arrblair/.rvm/gems/ruby-1.8.6-p420@headfirst/gems/actionpack-2.3.8/lib/action_controller/dispatcher.rb:108:in `call'
    /Users/arrblair/.rvm/gems/ruby-1.8.6-p420@headfirst/gems/rails-2.3.8/lib/rails/rack/static.rb:31:in `call'
    /Users/arrblair/.rvm/gems/ruby-1.8.6-p420@headfirst/gems/rack-1.1.2/lib/rack/urlmap.rb:47:in `call'
    /Users/arrblair/.rvm/gems/ruby-1.8.6-p420@headfirst/gems/rack-1.1.2/lib/rack/urlmap.rb:41:in `each'
    /Users/arrblair/.rvm/gems/ruby-1.8.6-p420@headfirst/gems/rack-1.1.2/lib/rack/urlmap.rb:41:in `call'
    /Users/arrblair/.rvm/gems/ruby-1.8.6-p420@headfirst/gems/rails-2.3.8/lib/rails/rack/log_tailer.rb:17:in `call'
    /Users/arrblair/.rvm/gems/ruby-1.8.6-p420@headfirst/gems/rack-1.1.2/lib/rack/content_length.rb:13:in `call'
    /Users/arrblair/.rvm/gems/ruby-1.8.6-p420@headfirst/gems/rack-1.1.2/lib/rack/handler/webrick.rb:48:in `service'
    /Users/arrblair/.rvm/rubies/ruby-1.8.6-p420/lib/ruby/1.8/webrick/httpserver.rb:104:in `service'
    /Users/arrblair/.rvm/rubies/ruby-1.8.6-p420/lib/ruby/1.8/webrick/httpserver.rb:65:in `run'
    /Users/arrblair/.rvm/rubies/ruby-1.8.6-p420/lib/ruby/1.8/webrick/server.rb:173:in `start_thread'
    /Users/arrblair/.rvm/rubies/ruby-1.8.6-p420/lib/ruby/1.8/webrick/server.rb:162:in `start'
    /Users/arrblair/.rvm/rubies/ruby-1.8.6-p420/lib/ruby/1.8/webrick/server.rb:162:in `start_thread'
    /Users/arrblair/.rvm/rubies/ruby-1.8.6-p420/lib/ruby/1.8/webrick/server.rb:95:in `start'
    /Users/arrblair/.rvm/rubies/ruby-1.8.6-p420/lib/ruby/1.8/webrick/server.rb:92:in `each'
    /Users/arrblair/.rvm/rubies/ruby-1.8.6-p420/lib/ruby/1.8/webrick/server.rb:92:in `start'
    /Users/arrblair/.rvm/rubies/ruby-1.8.6-p420/lib/ruby/1.8/webrick/server.rb:23:in `start'
    /Users/arrblair/.rvm/rubies/ruby-1.8.6-p420/lib/ruby/1.8/webrick/server.rb:82:in `start'
    /Users/arrblair/.rvm/gems/ruby-1.8.6-p420@headfirst/gems/rack-1.1.2/lib/rack/handler/webrick.rb:14:in `run'
    /Users/arrblair/.rvm/gems/ruby-1.8.6-p420@headfirst/gems/rails-2.3.8/lib/commands/server.rb:111
    /Users/arrblair/.rvm/rubies/ruby-1.8.6-p420/lib/ruby/site_ruby/1.8/rubygems/custom_require.rb:31:in `gem_original_require'
    /Users/arrblair/.rvm/rubies/ruby-1.8.6-p420/lib/ruby/site_ruby/1.8/rubygems/custom_require.rb:31:in `require'
    script/server:3
/!\ FAILSAFE /!\  Sat Sep 17 15:50:17 -0700 2011
  Status: 500 Internal Server Error
  no such file to load -- sqlite3
    /Users/arrblair/.rvm/rubies/ruby-1.8.6-p420/lib/ruby/site_ruby/1.8/rubygems/custom_require.rb:31:in `gem_original_require'
    /Users/arrblair/.rvm/rubies/ruby-1.8.6-p420/lib/ruby/site_ruby/1.8/rubygems/custom_require.rb:31:in `require'
    /Users/arrblair/.rvm/gems/ruby-1.8.6-p420@headfirst/gems/activesupport-2.3.8/lib/active_support/dependencies.rb:156:in `require'
    /Users/arrblair/.rvm/gems/ruby-1.8.6-p420@headfirst/gems/activesupport-2.3.8/lib/active_support/dependencies.rb:521:in `new_constants_in'
    /Users/arrblair/.rvm/gems/ruby-1.8.6-p420@headfirst/gems/activesupport-2.3.8/lib/active_support/dependencies.rb:156:in `require'
    /Users/arrblair/.rvm/gems/ruby-1.8.6-p420@headfirst/gems/activesupport-2.3.8/lib/active_support/core_ext/kernel/requires.rb:7:in `require_library_or_gem'
    /Users/arrblair/.rvm/gems/ruby-1.8.6-p420@headfirst/gems/activesupport-2.3.8/lib/active_support/core_ext/kernel/reporting.rb:11:in `silence_warnings'
    /Users/arrblair/.rvm/gems/ruby-1.8.6-p420@headfirst/gems/activesupport-2.3.8/lib/active_support/core_ext/kernel/requires.rb:5:in `require_library_or_gem'
    /Users/arrblair/.rvm/gems/ruby-1.8.6-p420@headfirst/gems/activerecord-2.3.8/lib/active_record/connection_adapters/sqlite3_adapter.rb:10:in `sqlite3_connection'
    /Users/arrblair/.rvm/gems/ruby-1.8.6-p420@headfirst/gems/activerecord-2.3.8/lib/active_record/connection_adapters/abstract/connection_pool.rb:223:in `send'
    /Users/arrblair/.rvm/gems/ruby-1.8.6-p420@headfirst/gems/activerecord-2.3.8/lib/active_record/connection_adapters/abstract/connection_pool.rb:223:in `new_connection'
    /Users/arrblair/.rvm/gems/ruby-1.8.6-p420@headfirst/gems/activerecord-2.3.8/lib/active_record/connection_adapters/abstract/connection_pool.rb:245:in `checkout_new_connection'
    /Users/arrblair/.rvm/gems/ruby-1.8.6-p420@headfirst/gems/activerecord-2.3.8/lib/active_record/connection_adapters/abstract/connection_pool.rb:188:in `checkout'
    /Users/arrblair/.rvm/gems/ruby-1.8.6-p420@headfirst/gems/activerecord-2.3.8/lib/active_record/connection_adapters/abstract/connection_pool.rb:184:in `loop'
    /Users/arrblair/.rvm/gems/ruby-1.8.6-p420@headfirst/gems/activerecord-2.3.8/lib/active_record/connection_adapters/abstract/connection_pool.rb:184:in `checkout'
    /Users/arrblair/.rvm/rubies/ruby-1.8.6-p420/lib/ruby/1.8/monitor.rb:242:in `synchronize'
    /Users/arrblair/.rvm/gems/ruby-1.8.6-p420@headfirst/gems/activerecord-2.3.8/lib/active_record/connection_adapters/abstract/connection_pool.rb:183:in `checkout'
    /Users/arrblair/.rvm/gems/ruby-1.8.6-p420@headfirst/gems/activerecord-2.3.8/lib/active_record/connection_adapters/abstract/connection_pool.rb:98:in `connection'
    /Users/arrblair/.rvm/gems/ruby-1.8.6-p420@headfirst/gems/activerecord-2.3.8/lib/active_record/connection_adapters/abstract/connection_pool.rb:326:in `retrieve_connection'
    /Users/arrblair/.rvm/gems/ruby-1.8.6-p420@headfirst/gems/activerecord-2.3.8/lib/active_record/connection_adapters/abstract/connection_specification.rb:123:in `retrieve_connection'
    /Users/arrblair/.rvm/gems/ruby-1.8.6-p420@headfirst/gems/activerecord-2.3.8/lib/active_record/connection_adapters/abstract/connection_specification.rb:115:in `connection'
    /Users/arrblair/.rvm/gems/ruby-1.8.6-p420@headfirst/gems/activerecord-2.3.8/lib/active_record/query_cache.rb:9:in `cache'
    /Users/arrblair/.rvm/gems/ruby-1.8.6-p420@headfirst/gems/activerecord-2.3.8/lib/active_record/query_cache.rb:28:in `call'
    /Users/arrblair/.rvm/gems/ruby-1.8.6-p420@headfirst/gems/activerecord-2.3.8/lib/active_record/connection_adapters/abstract/connection_pool.rb:361:in `call'
    /Users/arrblair/.rvm/gems/ruby-1.8.6-p420@headfirst/gems/actionpack-2.3.8/lib/action_controller/string_coercion.rb:25:in `call'
    /Users/arrblair/.rvm/gems/ruby-1.8.6-p420@headfirst/gems/rack-1.1.2/lib/rack/head.rb:9:in `call'
    /Users/arrblair/.rvm/gems/ruby-1.8.6-p420@headfirst/gems/rack-1.1.2/lib/rack/methodoverride.rb:24:in `call'
    /Users/arrblair/.rvm/gems/ruby-1.8.6-p420@headfirst/gems/actionpack-2.3.8/lib/action_controller/params_parser.rb:15:in `call'
    /Users/arrblair/.rvm/gems/ruby-1.8.6-p420@headfirst/gems/actionpack-2.3.8/lib/action_controller/session/cookie_store.rb:99:in `call'
    /Users/arrblair/.rvm/gems/ruby-1.8.6-p420@headfirst/gems/actionpack-2.3.8/lib/action_controller/failsafe.rb:26:in `call'
    /Users/arrblair/.rvm/gems/ruby-1.8.6-p420@headfirst/gems/rack-1.1.2/lib/rack/lock.rb:11:in `call'
    /Users/arrblair/.rvm/gems/ruby-1.8.6-p420@headfirst/gems/rack-1.1.2/lib/rack/lock.rb:11:in `synchronize'
    /Users/arrblair/.rvm/gems/ruby-1.8.6-p420@headfirst/gems/rack-1.1.2/lib/rack/lock.rb:11:in `call'
    /Users/arrblair/.rvm/gems/ruby-1.8.6-p420@headfirst/gems/actionpack-2.3.8/lib/action_controller/dispatcher.rb:114:in `call'
    /Users/arrblair/.rvm/gems/ruby-1.8.6-p420@headfirst/gems/actionpack-2.3.8/lib/action_controller/reloader.rb:34:in `run'
    /Users/arrblair/.rvm/gems/ruby-1.8.6-p420@headfirst/gems/actionpack-2.3.8/lib/action_controller/dispatcher.rb:108:in `call'
    /Users/arrblair/.rvm/gems/ruby-1.8.6-p420@headfirst/gems/rails-2.3.8/lib/rails/rack/static.rb:31:in `call'
    /Users/arrblair/.rvm/gems/ruby-1.8.6-p420@headfirst/gems/rack-1.1.2/lib/rack/urlmap.rb:47:in `call'
    /Users/arrblair/.rvm/gems/ruby-1.8.6-p420@headfirst/gems/rack-1.1.2/lib/rack/urlmap.rb:41:in `each'
    /Users/arrblair/.rvm/gems/ruby-1.8.6-p420@headfirst/gems/rack-1.1.2/lib/rack/urlmap.rb:41:in `call'
    /Users/arrblair/.rvm/gems/ruby-1.8.6-p420@headfirst/gems/rails-2.3.8/lib/rails/rack/log_tailer.rb:17:in `call'
    /Users/arrblair/.rvm/gems/ruby-1.8.6-p420@headfirst/gems/rack-1.1.2/lib/rack/content_length.rb:13:in `call'
    /Users/arrblair/.rvm/gems/ruby-1.8.6-p420@headfirst/gems/rack-1.1.2/lib/rack/handler/webrick.rb:48:in `service'
    /Users/arrblair/.rvm/rubies/ruby-1.8.6-p420/lib/ruby/1.8/webrick/httpserver.rb:104:in `service'
    /Users/arrblair/.rvm/rubies/ruby-1.8.6-p420/lib/ruby/1.8/webrick/httpserver.rb:65:in `run'
    /Users/arrblair/.rvm/rubies/ruby-1.8.6-p420/lib/ruby/1.8/webrick/server.rb:173:in `start_thread'
    /Users/arrblair/.rvm/rubies/ruby-1.8.6-p420/lib/ruby/1.8/webrick/server.rb:162:in `start'
    /Users/arrblair/.rvm/rubies/ruby-1.8.6-p420/lib/ruby/1.8/webrick/server.rb:162:in `start_thread'
    /Users/arrblair/.rvm/rubies/ruby-1.8.6-p420/lib/ruby/1.8/webrick/server.rb:95:in `start'
    /Users/arrblair/.rvm/rubies/ruby-1.8.6-p420/lib/ruby/1.8/webrick/server.rb:92:in `each'
    /Users/arrblair/.rvm/rubies/ruby-1.8.6-p420/lib/ruby/1.8/webrick/server.rb:92:in `start'
    /Users/arrblair/.rvm/rubies/ruby-1.8.6-p420/lib/ruby/1.8/webrick/server.rb:23:in `start'
    /Users/arrblair/.rvm/rubies/ruby-1.8.6-p420/lib/ruby/1.8/webrick/server.rb:82:in `start'
    /Users/arrblair/.rvm/gems/ruby-1.8.6-p420@headfirst/gems/rack-1.1.2/lib/rack/handler/webrick.rb:14:in `run'
    /Users/arrblair/.rvm/gems/ruby-1.8.6-p420@headfirst/gems/rails-2.3.8/lib/commands/server.rb:111
    /Users/arrblair/.rvm/rubies/ruby-1.8.6-p420/lib/ruby/site_ruby/1.8/rubygems/custom_require.rb:31:in `gem_original_require'
    /Users/arrblair/.rvm/rubies/ruby-1.8.6-p420/lib/ruby/site_ruby/1.8/rubygems/custom_require.rb:31:in `require'
    script/server:3
/!\ FAILSAFE /!\  Sat Sep 17 15:50:23 -0700 2011
  Status: 500 Internal Server Error
  no such file to load -- sqlite3
    /Users/arrblair/.rvm/rubies/ruby-1.8.6-p420/lib/ruby/site_ruby/1.8/rubygems/custom_require.rb:31:in `gem_original_require'
    /Users/arrblair/.rvm/rubies/ruby-1.8.6-p420/lib/ruby/site_ruby/1.8/rubygems/custom_require.rb:31:in `require'
    /Users/arrblair/.rvm/gems/ruby-1.8.6-p420@headfirst/gems/activesupport-2.3.8/lib/active_support/dependencies.rb:156:in `require'
    /Users/arrblair/.rvm/gems/ruby-1.8.6-p420@headfirst/gems/activesupport-2.3.8/lib/active_support/dependencies.rb:521:in `new_constants_in'
    /Users/arrblair/.rvm/gems/ruby-1.8.6-p420@headfirst/gems/activesupport-2.3.8/lib/active_support/dependencies.rb:156:in `require'
    /Users/arrblair/.rvm/gems/ruby-1.8.6-p420@headfirst/gems/activesupport-2.3.8/lib/active_support/core_ext/kernel/requires.rb:7:in `require_library_or_gem'
    /Users/arrblair/.rvm/gems/ruby-1.8.6-p420@headfirst/gems/activesupport-2.3.8/lib/active_support/core_ext/kernel/reporting.rb:11:in `silence_warnings'
    /Users/arrblair/.rvm/gems/ruby-1.8.6-p420@headfirst/gems/activesupport-2.3.8/lib/active_support/core_ext/kernel/requires.rb:5:in `require_library_or_gem'
    /Users/arrblair/.rvm/gems/ruby-1.8.6-p420@headfirst/gems/activerecord-2.3.8/lib/active_record/connection_adapters/sqlite3_adapter.rb:10:in `sqlite3_connection'
    /Users/arrblair/.rvm/gems/ruby-1.8.6-p420@headfirst/gems/activerecord-2.3.8/lib/active_record/connection_adapters/abstract/connection_pool.rb:223:in `send'
    /Users/arrblair/.rvm/gems/ruby-1.8.6-p420@headfirst/gems/activerecord-2.3.8/lib/active_record/connection_adapters/abstract/connection_pool.rb:223:in `new_connection'
    /Users/arrblair/.rvm/gems/ruby-1.8.6-p420@headfirst/gems/activerecord-2.3.8/lib/active_record/connection_adapters/abstract/connection_pool.rb:245:in `checkout_new_connection'
    /Users/arrblair/.rvm/gems/ruby-1.8.6-p420@headfirst/gems/activerecord-2.3.8/lib/active_record/connection_adapters/abstract/connection_pool.rb:188:in `checkout'
    /Users/arrblair/.rvm/gems/ruby-1.8.6-p420@headfirst/gems/activerecord-2.3.8/lib/active_record/connection_adapters/abstract/connection_pool.rb:184:in `loop'
    /Users/arrblair/.rvm/gems/ruby-1.8.6-p420@headfirst/gems/activerecord-2.3.8/lib/active_record/connection_adapters/abstract/connection_pool.rb:184:in `checkout'
    /Users/arrblair/.rvm/rubies/ruby-1.8.6-p420/lib/ruby/1.8/monitor.rb:242:in `synchronize'
    /Users/arrblair/.rvm/gems/ruby-1.8.6-p420@headfirst/gems/activerecord-2.3.8/lib/active_record/connection_adapters/abstract/connection_pool.rb:183:in `checkout'
    /Users/arrblair/.rvm/gems/ruby-1.8.6-p420@headfirst/gems/activerecord-2.3.8/lib/active_record/connection_adapters/abstract/connection_pool.rb:98:in `connection'
    /Users/arrblair/.rvm/gems/ruby-1.8.6-p420@headfirst/gems/activerecord-2.3.8/lib/active_record/connection_adapters/abstract/connection_pool.rb:326:in `retrieve_connection'
    /Users/arrblair/.rvm/gems/ruby-1.8.6-p420@headfirst/gems/activerecord-2.3.8/lib/active_record/connection_adapters/abstract/connection_specification.rb:123:in `retrieve_connection'
    /Users/arrblair/.rvm/gems/ruby-1.8.6-p420@headfirst/gems/activerecord-2.3.8/lib/active_record/connection_adapters/abstract/connection_specification.rb:115:in `connection'
    /Users/arrblair/.rvm/gems/ruby-1.8.6-p420@headfirst/gems/activerecord-2.3.8/lib/active_record/query_cache.rb:9:in `cache'
    /Users/arrblair/.rvm/gems/ruby-1.8.6-p420@headfirst/gems/activerecord-2.3.8/lib/active_record/query_cache.rb:28:in `call'
    /Users/arrblair/.rvm/gems/ruby-1.8.6-p420@headfirst/gems/activerecord-2.3.8/lib/active_record/connection_adapters/abstract/connection_pool.rb:361:in `call'
    /Users/arrblair/.rvm/gems/ruby-1.8.6-p420@headfirst/gems/actionpack-2.3.8/lib/action_controller/string_coercion.rb:25:in `call'
    /Users/arrblair/.rvm/gems/ruby-1.8.6-p420@headfirst/gems/rack-1.1.2/lib/rack/head.rb:9:in `call'
    /Users/arrblair/.rvm/gems/ruby-1.8.6-p420@headfirst/gems/rack-1.1.2/lib/rack/methodoverride.rb:24:in `call'
    /Users/arrblair/.rvm/gems/ruby-1.8.6-p420@headfirst/gems/actionpack-2.3.8/lib/action_controller/params_parser.rb:15:in `call'
    /Users/arrblair/.rvm/gems/ruby-1.8.6-p420@headfirst/gems/actionpack-2.3.8/lib/action_controller/session/cookie_store.rb:99:in `call'
    /Users/arrblair/.rvm/gems/ruby-1.8.6-p420@headfirst/gems/actionpack-2.3.8/lib/action_controller/failsafe.rb:26:in `call'
    /Users/arrblair/.rvm/gems/ruby-1.8.6-p420@headfirst/gems/rack-1.1.2/lib/rack/lock.rb:11:in `call'
    /Users/arrblair/.rvm/gems/ruby-1.8.6-p420@headfirst/gems/rack-1.1.2/lib/rack/lock.rb:11:in `synchronize'
    /Users/arrblair/.rvm/gems/ruby-1.8.6-p420@headfirst/gems/rack-1.1.2/lib/rack/lock.rb:11:in `call'
    /Users/arrblair/.rvm/gems/ruby-1.8.6-p420@headfirst/gems/actionpack-2.3.8/lib/action_controller/dispatcher.rb:114:in `call'
    /Users/arrblair/.rvm/gems/ruby-1.8.6-p420@headfirst/gems/actionpack-2.3.8/lib/action_controller/reloader.rb:34:in `run'
    /Users/arrblair/.rvm/gems/ruby-1.8.6-p420@headfirst/gems/actionpack-2.3.8/lib/action_controller/dispatcher.rb:108:in `call'
    /Users/arrblair/.rvm/gems/ruby-1.8.6-p420@headfirst/gems/rails-2.3.8/lib/rails/rack/static.rb:31:in `call'
    /Users/arrblair/.rvm/gems/ruby-1.8.6-p420@headfirst/gems/rack-1.1.2/lib/rack/urlmap.rb:47:in `call'
    /Users/arrblair/.rvm/gems/ruby-1.8.6-p420@headfirst/gems/rack-1.1.2/lib/rack/urlmap.rb:41:in `each'
    /Users/arrblair/.rvm/gems/ruby-1.8.6-p420@headfirst/gems/rack-1.1.2/lib/rack/urlmap.rb:41:in `call'
    /Users/arrblair/.rvm/gems/ruby-1.8.6-p420@headfirst/gems/rails-2.3.8/lib/rails/rack/log_tailer.rb:17:in `call'
    /Users/arrblair/.rvm/gems/ruby-1.8.6-p420@headfirst/gems/rack-1.1.2/lib/rack/content_length.rb:13:in `call'
    /Users/arrblair/.rvm/gems/ruby-1.8.6-p420@headfirst/gems/rack-1.1.2/lib/rack/handler/webrick.rb:48:in `service'
    /Users/arrblair/.rvm/rubies/ruby-1.8.6-p420/lib/ruby/1.8/webrick/httpserver.rb:104:in `service'
    /Users/arrblair/.rvm/rubies/ruby-1.8.6-p420/lib/ruby/1.8/webrick/httpserver.rb:65:in `run'
    /Users/arrblair/.rvm/rubies/ruby-1.8.6-p420/lib/ruby/1.8/webrick/server.rb:173:in `start_thread'
    /Users/arrblair/.rvm/rubies/ruby-1.8.6-p420/lib/ruby/1.8/webrick/server.rb:162:in `start'
    /Users/arrblair/.rvm/rubies/ruby-1.8.6-p420/lib/ruby/1.8/webrick/server.rb:162:in `start_thread'
    /Users/arrblair/.rvm/rubies/ruby-1.8.6-p420/lib/ruby/1.8/webrick/server.rb:95:in `start'
    /Users/arrblair/.rvm/rubies/ruby-1.8.6-p420/lib/ruby/1.8/webrick/server.rb:92:in `each'
    /Users/arrblair/.rvm/rubies/ruby-1.8.6-p420/lib/ruby/1.8/webrick/server.rb:92:in `start'
    /Users/arrblair/.rvm/rubies/ruby-1.8.6-p420/lib/ruby/1.8/webrick/server.rb:23:in `start'
    /Users/arrblair/.rvm/rubies/ruby-1.8.6-p420/lib/ruby/1.8/webrick/server.rb:82:in `start'
    /Users/arrblair/.rvm/gems/ruby-1.8.6-p420@headfirst/gems/rack-1.1.2/lib/rack/handler/webrick.rb:14:in `run'
    /Users/arrblair/.rvm/gems/ruby-1.8.6-p420@headfirst/gems/rails-2.3.8/lib/commands/server.rb:111
    /Users/arrblair/.rvm/rubies/ruby-1.8.6-p420/lib/ruby/site_ruby/1.8/rubygems/custom_require.rb:31:in `gem_original_require'
    /Users/arrblair/.rvm/rubies/ruby-1.8.6-p420/lib/ruby/site_ruby/1.8/rubygems/custom_require.rb:31:in `require'
    script/server:3
/!\ FAILSAFE /!\  Sat Sep 17 15:50:35 -0700 2011
  Status: 500 Internal Server Error
  no such file to load -- sqlite3
    /Users/arrblair/.rvm/rubies/ruby-1.8.6-p420/lib/ruby/site_ruby/1.8/rubygems/custom_require.rb:31:in `gem_original_require'
    /Users/arrblair/.rvm/rubies/ruby-1.8.6-p420/lib/ruby/site_ruby/1.8/rubygems/custom_require.rb:31:in `require'
    /Users/arrblair/.rvm/gems/ruby-1.8.6-p420@headfirst/gems/activesupport-2.3.8/lib/active_support/dependencies.rb:156:in `require'
    /Users/arrblair/.rvm/gems/ruby-1.8.6-p420@headfirst/gems/activesupport-2.3.8/lib/active_support/dependencies.rb:521:in `new_constants_in'
    /Users/arrblair/.rvm/gems/ruby-1.8.6-p420@headfirst/gems/activesupport-2.3.8/lib/active_support/dependencies.rb:156:in `require'
    /Users/arrblair/.rvm/gems/ruby-1.8.6-p420@headfirst/gems/activesupport-2.3.8/lib/active_support/core_ext/kernel/requires.rb:7:in `require_library_or_gem'
    /Users/arrblair/.rvm/gems/ruby-1.8.6-p420@headfirst/gems/activesupport-2.3.8/lib/active_support/core_ext/kernel/reporting.rb:11:in `silence_warnings'
    /Users/arrblair/.rvm/gems/ruby-1.8.6-p420@headfirst/gems/activesupport-2.3.8/lib/active_support/core_ext/kernel/requires.rb:5:in `require_library_or_gem'
    /Users/arrblair/.rvm/gems/ruby-1.8.6-p420@headfirst/gems/activerecord-2.3.8/lib/active_record/connection_adapters/sqlite3_adapter.rb:10:in `sqlite3_connection'
    /Users/arrblair/.rvm/gems/ruby-1.8.6-p420@headfirst/gems/activerecord-2.3.8/lib/active_record/connection_adapters/abstract/connection_pool.rb:223:in `send'
    /Users/arrblair/.rvm/gems/ruby-1.8.6-p420@headfirst/gems/activerecord-2.3.8/lib/active_record/connection_adapters/abstract/connection_pool.rb:223:in `new_connection'
    /Users/arrblair/.rvm/gems/ruby-1.8.6-p420@headfirst/gems/activerecord-2.3.8/lib/active_record/connection_adapters/abstract/connection_pool.rb:245:in `checkout_new_connection'
    /Users/arrblair/.rvm/gems/ruby-1.8.6-p420@headfirst/gems/activerecord-2.3.8/lib/active_record/connection_adapters/abstract/connection_pool.rb:188:in `checkout'
    /Users/arrblair/.rvm/gems/ruby-1.8.6-p420@headfirst/gems/activerecord-2.3.8/lib/active_record/connection_adapters/abstract/connection_pool.rb:184:in `loop'
    /Users/arrblair/.rvm/gems/ruby-1.8.6-p420@headfirst/gems/activerecord-2.3.8/lib/active_record/connection_adapters/abstract/connection_pool.rb:184:in `checkout'
    /Users/arrblair/.rvm/rubies/ruby-1.8.6-p420/lib/ruby/1.8/monitor.rb:242:in `synchronize'
    /Users/arrblair/.rvm/gems/ruby-1.8.6-p420@headfirst/gems/activerecord-2.3.8/lib/active_record/connection_adapters/abstract/connection_pool.rb:183:in `checkout'
    /Users/arrblair/.rvm/gems/ruby-1.8.6-p420@headfirst/gems/activerecord-2.3.8/lib/active_record/connection_adapters/abstract/connection_pool.rb:98:in `connection'
    /Users/arrblair/.rvm/gems/ruby-1.8.6-p420@headfirst/gems/activerecord-2.3.8/lib/active_record/connection_adapters/abstract/connection_pool.rb:326:in `retrieve_connection'
    /Users/arrblair/.rvm/gems/ruby-1.8.6-p420@headfirst/gems/activerecord-2.3.8/lib/active_record/connection_adapters/abstract/connection_specification.rb:123:in `retrieve_connection'
    /Users/arrblair/.rvm/gems/ruby-1.8.6-p420@headfirst/gems/activerecord-2.3.8/lib/active_record/connection_adapters/abstract/connection_specification.rb:115:in `connection'
    /Users/arrblair/.rvm/gems/ruby-1.8.6-p420@headfirst/gems/activerecord-2.3.8/lib/active_record/query_cache.rb:9:in `cache'
    /Users/arrblair/.rvm/gems/ruby-1.8.6-p420@headfirst/gems/activerecord-2.3.8/lib/active_record/query_cache.rb:28:in `call'
    /Users/arrblair/.rvm/gems/ruby-1.8.6-p420@headfirst/gems/activerecord-2.3.8/lib/active_record/connection_adapters/abstract/connection_pool.rb:361:in `call'
    /Users/arrblair/.rvm/gems/ruby-1.8.6-p420@headfirst/gems/actionpack-2.3.8/lib/action_controller/string_coercion.rb:25:in `call'
    /Users/arrblair/.rvm/gems/ruby-1.8.6-p420@headfirst/gems/rack-1.1.2/lib/rack/head.rb:9:in `call'
    /Users/arrblair/.rvm/gems/ruby-1.8.6-p420@headfirst/gems/rack-1.1.2/lib/rack/methodoverride.rb:24:in `call'
    /Users/arrblair/.rvm/gems/ruby-1.8.6-p420@headfirst/gems/actionpack-2.3.8/lib/action_controller/params_parser.rb:15:in `call'
    /Users/arrblair/.rvm/gems/ruby-1.8.6-p420@headfirst/gems/actionpack-2.3.8/lib/action_controller/session/cookie_store.rb:99:in `call'
    /Users/arrblair/.rvm/gems/ruby-1.8.6-p420@headfirst/gems/actionpack-2.3.8/lib/action_controller/failsafe.rb:26:in `call'
    /Users/arrblair/.rvm/gems/ruby-1.8.6-p420@headfirst/gems/rack-1.1.2/lib/rack/lock.rb:11:in `call'
    /Users/arrblair/.rvm/gems/ruby-1.8.6-p420@headfirst/gems/rack-1.1.2/lib/rack/lock.rb:11:in `synchronize'
    /Users/arrblair/.rvm/gems/ruby-1.8.6-p420@headfirst/gems/rack-1.1.2/lib/rack/lock.rb:11:in `call'
    /Users/arrblair/.rvm/gems/ruby-1.8.6-p420@headfirst/gems/actionpack-2.3.8/lib/action_controller/dispatcher.rb:114:in `call'
    /Users/arrblair/.rvm/gems/ruby-1.8.6-p420@headfirst/gems/actionpack-2.3.8/lib/action_controller/reloader.rb:34:in `run'
    /Users/arrblair/.rvm/gems/ruby-1.8.6-p420@headfirst/gems/actionpack-2.3.8/lib/action_controller/dispatcher.rb:108:in `call'
    /Users/arrblair/.rvm/gems/ruby-1.8.6-p420@headfirst/gems/rails-2.3.8/lib/rails/rack/static.rb:31:in `call'
    /Users/arrblair/.rvm/gems/ruby-1.8.6-p420@headfirst/gems/rack-1.1.2/lib/rack/urlmap.rb:47:in `call'
    /Users/arrblair/.rvm/gems/ruby-1.8.6-p420@headfirst/gems/rack-1.1.2/lib/rack/urlmap.rb:41:in `each'
    /Users/arrblair/.rvm/gems/ruby-1.8.6-p420@headfirst/gems/rack-1.1.2/lib/rack/urlmap.rb:41:in `call'
    /Users/arrblair/.rvm/gems/ruby-1.8.6-p420@headfirst/gems/rails-2.3.8/lib/rails/rack/log_tailer.rb:17:in `call'
    /Users/arrblair/.rvm/gems/ruby-1.8.6-p420@headfirst/gems/rack-1.1.2/lib/rack/content_length.rb:13:in `call'
    /Users/arrblair/.rvm/gems/ruby-1.8.6-p420@headfirst/gems/rack-1.1.2/lib/rack/handler/webrick.rb:48:in `service'
    /Users/arrblair/.rvm/rubies/ruby-1.8.6-p420/lib/ruby/1.8/webrick/httpserver.rb:104:in `service'
    /Users/arrblair/.rvm/rubies/ruby-1.8.6-p420/lib/ruby/1.8/webrick/httpserver.rb:65:in `run'
    /Users/arrblair/.rvm/rubies/ruby-1.8.6-p420/lib/ruby/1.8/webrick/server.rb:173:in `start_thread'
    /Users/arrblair/.rvm/rubies/ruby-1.8.6-p420/lib/ruby/1.8/webrick/server.rb:162:in `start'
    /Users/arrblair/.rvm/rubies/ruby-1.8.6-p420/lib/ruby/1.8/webrick/server.rb:162:in `start_thread'
    /Users/arrblair/.rvm/rubies/ruby-1.8.6-p420/lib/ruby/1.8/webrick/server.rb:95:in `start'
    /Users/arrblair/.rvm/rubies/ruby-1.8.6-p420/lib/ruby/1.8/webrick/server.rb:92:in `each'
    /Users/arrblair/.rvm/rubies/ruby-1.8.6-p420/lib/ruby/1.8/webrick/server.rb:92:in `start'
    /Users/arrblair/.rvm/rubies/ruby-1.8.6-p420/lib/ruby/1.8/webrick/server.rb:23:in `start'
    /Users/arrblair/.rvm/rubies/ruby-1.8.6-p420/lib/ruby/1.8/webrick/server.rb:82:in `start'
    /Users/arrblair/.rvm/gems/ruby-1.8.6-p420@headfirst/gems/rack-1.1.2/lib/rack/handler/webrick.rb:14:in `run'
    /Users/arrblair/.rvm/gems/ruby-1.8.6-p420@headfirst/gems/rails-2.3.8/lib/commands/server.rb:111
    /Users/arrblair/.rvm/rubies/ruby-1.8.6-p420/lib/ruby/site_ruby/1.8/rubygems/custom_require.rb:31:in `gem_original_require'
    /Users/arrblair/.rvm/rubies/ruby-1.8.6-p420/lib/ruby/site_ruby/1.8/rubygems/custom_require.rb:31:in `require'
    script/server:3
  [4;36;1mSQL (0.2ms)[0m   [0;1m SELECT name
 FROM sqlite_master
 WHERE type = 'table' AND NOT name = 'sqlite_sequence'
[0m
  [4;35;1mSQL (0.1ms)[0m   [0mselect sqlite_version(*)[0m
  [4;36;1mSQL (2.0ms)[0m   [0;1mCREATE TABLE "schema_migrations" ("version" varchar(255) NOT NULL) [0m
  [4;35;1mSQL (0.1ms)[0m   [0mPRAGMA index_list("schema_migrations")[0m
  [4;36;1mSQL (1.9ms)[0m   [0;1mCREATE UNIQUE INDEX "unique_schema_migrations" ON "schema_migrations" ("version")[0m
  [4;35;1mSQL (0.3ms)[0m   [0m SELECT name
 FROM sqlite_master
 WHERE type = 'table' AND NOT name = 'sqlite_sequence'
[0m
  [4;36;1mSQL (0.2ms)[0m   [0;1mSELECT version FROM schema_migrations[0m
Migrating to CreateIncidents (20110917214321)
  [4;35;1mSQL (0.4ms)[0m   [0mCREATE TABLE "incidents" ("id" INTEGER PRIMARY KEY AUTOINCREMENT NOT NULL, "created_at" datetime, "updated_at" datetime) [0m
  [4;36;1mSQL (0.1ms)[0m   [0;1mINSERT INTO schema_migrations (version) VALUES ('20110917214321')[0m
  [4;35;1mSQL (0.2ms)[0m   [0m SELECT name
 FROM sqlite_master
 WHERE type = 'table' AND NOT name = 'sqlite_sequence'
[0m
  [4;36;1mSQL (0.1ms)[0m   [0;1mSELECT version FROM schema_migrations[0m
  [4;35;1mSQL (0.1ms)[0m   [0m SELECT name
 FROM sqlite_master
 WHERE type = 'table' AND NOT name = 'sqlite_sequence'
[0m
  [4;36;1mSQL (0.0ms)[0m   [0;1mPRAGMA index_list("incidents")[0m


Processing IncidentsController#index (for 127.0.0.1 at 2011-09-17 16:16:25) [GET]
  [4;36;1mIncident Load (0.4ms)[0m   [0;1mSELECT * FROM "incidents" [0m
Rendering template within layouts/incidents
Rendering incidents/index
Completed in 43ms (View: 38, DB: 0) | 200 OK [http://localhost/incidents]


Processing IncidentsController#new (for 127.0.0.1 at 2011-09-17 16:16:31) [GET]
Rendering template within layouts/incidents
Rendering incidents/new

ActionView::TemplateError (undefined method `mountain' for #<Incident id: nil, created_at: nil, updated_at: nil>) on line #8 of app/views/incidents/new.html.erb:
5: 
6:   <p>
7:     <%= f.label :mountain %><br />
8:     <%= f.text_field :mountain %>
9:   </p>
10:   <p>
11:     <%= f.label :latitude %><br />

    app/views/incidents/new.html.erb:8
    app/views/incidents/new.html.erb:3
    app/controllers/incidents_controller.rb:33:in `new'
    /Users/arrblair/.rvm/rubies/ruby-1.8.6-p420/lib/ruby/1.8/webrick/httpserver.rb:104:in `service'
    /Users/arrblair/.rvm/rubies/ruby-1.8.6-p420/lib/ruby/1.8/webrick/httpserver.rb:65:in `run'
    /Users/arrblair/.rvm/rubies/ruby-1.8.6-p420/lib/ruby/1.8/webrick/server.rb:173:in `start_thread'
    /Users/arrblair/.rvm/rubies/ruby-1.8.6-p420/lib/ruby/1.8/webrick/server.rb:162:in `start'
    /Users/arrblair/.rvm/rubies/ruby-1.8.6-p420/lib/ruby/1.8/webrick/server.rb:162:in `start_thread'
    /Users/arrblair/.rvm/rubies/ruby-1.8.6-p420/lib/ruby/1.8/webrick/server.rb:95:in `start'
    /Users/arrblair/.rvm/rubies/ruby-1.8.6-p420/lib/ruby/1.8/webrick/server.rb:92:in `each'
    /Users/arrblair/.rvm/rubies/ruby-1.8.6-p420/lib/ruby/1.8/webrick/server.rb:92:in `start'
    /Users/arrblair/.rvm/rubies/ruby-1.8.6-p420/lib/ruby/1.8/webrick/server.rb:23:in `start'
    /Users/arrblair/.rvm/rubies/ruby-1.8.6-p420/lib/ruby/1.8/webrick/server.rb:82:in `start'

Rendered rescues/_trace (111.9ms)
Rendered rescues/_request_and_response (1.2ms)
Rendering rescues/layout (internal_server_error)


Processing IncidentsController#new (for 127.0.0.1 at 2011-09-17 19:58:35) [GET]
Rendering template within layouts/incidents
Rendering incidents/new

ActionView::TemplateError (undefined method `mountain' for #<Incident id: nil, created_at: nil, updated_at: nil>) on line #8 of app/views/incidents/new.html.erb:
5: 
6:   <p>
7:     <%= f.label :mountain %><br />
8:     <%= f.text_field :mountain %>
9:   </p>
10:   <p>
11:     <%= f.label :latitude %><br />

    app/views/incidents/new.html.erb:8
    app/views/incidents/new.html.erb:3
    app/controllers/incidents_controller.rb:33:in `new'
    /Users/arrblair/.rvm/rubies/ruby-1.8.6-p420/lib/ruby/1.8/webrick/httpserver.rb:104:in `service'
    /Users/arrblair/.rvm/rubies/ruby-1.8.6-p420/lib/ruby/1.8/webrick/httpserver.rb:65:in `run'
    /Users/arrblair/.rvm/rubies/ruby-1.8.6-p420/lib/ruby/1.8/webrick/server.rb:173:in `start_thread'
    /Users/arrblair/.rvm/rubies/ruby-1.8.6-p420/lib/ruby/1.8/webrick/server.rb:162:in `start'
    /Users/arrblair/.rvm/rubies/ruby-1.8.6-p420/lib/ruby/1.8/webrick/server.rb:162:in `start_thread'
    /Users/arrblair/.rvm/rubies/ruby-1.8.6-p420/lib/ruby/1.8/webrick/server.rb:95:in `start'
    /Users/arrblair/.rvm/rubies/ruby-1.8.6-p420/lib/ruby/1.8/webrick/server.rb:92:in `each'
    /Users/arrblair/.rvm/rubies/ruby-1.8.6-p420/lib/ruby/1.8/webrick/server.rb:92:in `start'
    /Users/arrblair/.rvm/rubies/ruby-1.8.6-p420/lib/ruby/1.8/webrick/server.rb:23:in `start'
    /Users/arrblair/.rvm/rubies/ruby-1.8.6-p420/lib/ruby/1.8/webrick/server.rb:82:in `start'

Rendered rescues/_trace (116.5ms)
Rendered rescues/_request_and_response (1.2ms)
Rendering rescues/layout (internal_server_error)


Processing IncidentsController#index (for 127.0.0.1 at 2011-09-17 19:58:41) [GET]
  [4;36;1mIncident Load (0.8ms)[0m   [0;1mSELECT * FROM "incidents" [0m
Rendering template within layouts/incidents
Rendering incidents/index
Completed in 10ms (View: 5, DB: 1) | 200 OK [http://localhost/incidents/]


Processing IncidentsController#new (for 127.0.0.1 at 2011-09-17 19:58:49) [GET]
Rendering template within layouts/incidents
Rendering incidents/new

ActionView::TemplateError (undefined method `mountain' for #<Incident id: nil, created_at: nil, updated_at: nil>) on line #8 of app/views/incidents/new.html.erb:
5: 
6:   <p>
7:     <%= f.label :mountain %><br />
8:     <%= f.text_field :mountain %>
9:   </p>
10:   <p>
11:     <%= f.label :latitude %><br />

    app/views/incidents/new.html.erb:8
    app/views/incidents/new.html.erb:3
    app/controllers/incidents_controller.rb:33:in `new'
    /Users/arrblair/.rvm/rubies/ruby-1.8.6-p420/lib/ruby/1.8/webrick/httpserver.rb:104:in `service'
    /Users/arrblair/.rvm/rubies/ruby-1.8.6-p420/lib/ruby/1.8/webrick/httpserver.rb:65:in `run'
    /Users/arrblair/.rvm/rubies/ruby-1.8.6-p420/lib/ruby/1.8/webrick/server.rb:173:in `start_thread'
    /Users/arrblair/.rvm/rubies/ruby-1.8.6-p420/lib/ruby/1.8/webrick/server.rb:162:in `start'
    /Users/arrblair/.rvm/rubies/ruby-1.8.6-p420/lib/ruby/1.8/webrick/server.rb:162:in `start_thread'
    /Users/arrblair/.rvm/rubies/ruby-1.8.6-p420/lib/ruby/1.8/webrick/server.rb:95:in `start'
    /Users/arrblair/.rvm/rubies/ruby-1.8.6-p420/lib/ruby/1.8/webrick/server.rb:92:in `each'
    /Users/arrblair/.rvm/rubies/ruby-1.8.6-p420/lib/ruby/1.8/webrick/server.rb:92:in `start'
    /Users/arrblair/.rvm/rubies/ruby-1.8.6-p420/lib/ruby/1.8/webrick/server.rb:23:in `start'
    /Users/arrblair/.rvm/rubies/ruby-1.8.6-p420/lib/ruby/1.8/webrick/server.rb:82:in `start'

Rendered rescues/_trace (49.3ms)
Rendered rescues/_request_and_response (0.3ms)
Rendering rescues/layout (internal_server_error)
  [4;36;1mSQL (0.4ms)[0m   [0;1m SELECT name
 FROM sqlite_master
 WHERE type = 'table' AND NOT name = 'sqlite_sequence'
[0m
  [4;35;1mSQL (0.1ms)[0m   [0mSELECT version FROM schema_migrations[0m
Migrating to CreateIncidents (20110917214321)
  [4;36;1mSQL (0.2ms)[0m   [0;1mselect sqlite_version(*)[0m
  [4;35;1mSQL (0.2ms)[0m   [0m SELECT name
 FROM sqlite_master
 WHERE type = 'table' AND NOT name = 'sqlite_sequence'
[0m
  [4;36;1mSQL (0.1ms)[0m   [0;1mSELECT version FROM schema_migrations[0m
  [4;35;1mSQL (0.1ms)[0m   [0m SELECT name
 FROM sqlite_master
 WHERE type = 'table' AND NOT name = 'sqlite_sequence'
[0m
  [4;36;1mSQL (0.0ms)[0m   [0;1mPRAGMA index_list("incidents")[0m


Processing IncidentsController#new (for 127.0.0.1 at 2011-09-17 20:07:45) [GET]
Rendering template within layouts/incidents
Rendering incidents/new

ActionView::TemplateError (undefined method `mountain' for #<Incident id: nil, created_at: nil, updated_at: nil>) on line #8 of app/views/incidents/new.html.erb:
5: 
6:   <p>
7:     <%= f.label :mountain %><br />
8:     <%= f.text_field :mountain %>
9:   </p>
10:   <p>
11:     <%= f.label :latitude %><br />

    app/views/incidents/new.html.erb:8
    app/views/incidents/new.html.erb:3
    app/controllers/incidents_controller.rb:33:in `new'
    /Users/arrblair/.rvm/rubies/ruby-1.8.6-p420/lib/ruby/1.8/webrick/httpserver.rb:104:in `service'
    /Users/arrblair/.rvm/rubies/ruby-1.8.6-p420/lib/ruby/1.8/webrick/httpserver.rb:65:in `run'
    /Users/arrblair/.rvm/rubies/ruby-1.8.6-p420/lib/ruby/1.8/webrick/server.rb:173:in `start_thread'
    /Users/arrblair/.rvm/rubies/ruby-1.8.6-p420/lib/ruby/1.8/webrick/server.rb:162:in `start'
    /Users/arrblair/.rvm/rubies/ruby-1.8.6-p420/lib/ruby/1.8/webrick/server.rb:162:in `start_thread'
    /Users/arrblair/.rvm/rubies/ruby-1.8.6-p420/lib/ruby/1.8/webrick/server.rb:95:in `start'
    /Users/arrblair/.rvm/rubies/ruby-1.8.6-p420/lib/ruby/1.8/webrick/server.rb:92:in `each'
    /Users/arrblair/.rvm/rubies/ruby-1.8.6-p420/lib/ruby/1.8/webrick/server.rb:92:in `start'
    /Users/arrblair/.rvm/rubies/ruby-1.8.6-p420/lib/ruby/1.8/webrick/server.rb:23:in `start'
    /Users/arrblair/.rvm/rubies/ruby-1.8.6-p420/lib/ruby/1.8/webrick/server.rb:82:in `start'

Rendered rescues/_trace (115.8ms)
Rendered rescues/_request_and_response (1.2ms)
Rendering rescues/layout (internal_server_error)


Processing IncidentsController#index (for 127.0.0.1 at 2011-09-17 20:07:52) [GET]
  [4;36;1mIncident Load (0.3ms)[0m   [0;1mSELECT * FROM "incidents" [0m
Rendering template within layouts/incidents
Rendering incidents/index
Completed in 9ms (View: 5, DB: 0) | 200 OK [http://localhost/incidents/]


Processing IncidentsController#new (for 127.0.0.1 at 2011-09-17 20:07:56) [GET]
Rendering template within layouts/incidents
Rendering incidents/new

ActionView::TemplateError (undefined method `mountain' for #<Incident id: nil, created_at: nil, updated_at: nil>) on line #8 of app/views/incidents/new.html.erb:
5: 
6:   <p>
7:     <%= f.label :mountain %><br />
8:     <%= f.text_field :mountain %>
9:   </p>
10:   <p>
11:     <%= f.label :latitude %><br />

    app/views/incidents/new.html.erb:8
    app/views/incidents/new.html.erb:3
    app/controllers/incidents_controller.rb:33:in `new'
    /Users/arrblair/.rvm/rubies/ruby-1.8.6-p420/lib/ruby/1.8/webrick/httpserver.rb:104:in `service'
    /Users/arrblair/.rvm/rubies/ruby-1.8.6-p420/lib/ruby/1.8/webrick/httpserver.rb:65:in `run'
    /Users/arrblair/.rvm/rubies/ruby-1.8.6-p420/lib/ruby/1.8/webrick/server.rb:173:in `start_thread'
    /Users/arrblair/.rvm/rubies/ruby-1.8.6-p420/lib/ruby/1.8/webrick/server.rb:162:in `start'
    /Users/arrblair/.rvm/rubies/ruby-1.8.6-p420/lib/ruby/1.8/webrick/server.rb:162:in `start_thread'
    /Users/arrblair/.rvm/rubies/ruby-1.8.6-p420/lib/ruby/1.8/webrick/server.rb:95:in `start'
    /Users/arrblair/.rvm/rubies/ruby-1.8.6-p420/lib/ruby/1.8/webrick/server.rb:92:in `each'
    /Users/arrblair/.rvm/rubies/ruby-1.8.6-p420/lib/ruby/1.8/webrick/server.rb:92:in `start'
    /Users/arrblair/.rvm/rubies/ruby-1.8.6-p420/lib/ruby/1.8/webrick/server.rb:23:in `start'
    /Users/arrblair/.rvm/rubies/ruby-1.8.6-p420/lib/ruby/1.8/webrick/server.rb:82:in `start'

Rendered rescues/_trace (50.3ms)
Rendered rescues/_request_and_response (0.2ms)
Rendering rescues/layout (internal_server_error)


Processing IncidentsController#index (for 127.0.0.1 at 2011-09-17 20:52:23) [GET]
  [4;36;1mIncident Load (0.4ms)[0m   [0;1mSELECT * FROM "incidents" [0m
Rendering template within layouts/incidents
Rendering incidents/index
Completed in 14ms (View: 10, DB: 0) | 200 OK [http://localhost/incidents]


Processing IncidentsController#new (for 127.0.0.1 at 2011-09-17 20:57:47) [GET]
Rendering template within layouts/incidents
Rendering incidents/new

ActionView::TemplateError (undefined method `mountain' for #<Incident id: nil, created_at: nil, updated_at: nil>) on line #8 of app/views/incidents/new.html.erb:
5: 
6:   <p>
7:     <%= f.label :mountain %><br />
8:     <%= f.text_field :mountain %>
9:   </p>
10:   <p>
11:     <%= f.label :latitude %><br />

    app/views/incidents/new.html.erb:8
    app/views/incidents/new.html.erb:3
    app/controllers/incidents_controller.rb:33:in `new'
    /Users/arrblair/.rvm/rubies/ruby-1.8.6-p420/lib/ruby/1.8/webrick/httpserver.rb:104:in `service'
    /Users/arrblair/.rvm/rubies/ruby-1.8.6-p420/lib/ruby/1.8/webrick/httpserver.rb:65:in `run'
    /Users/arrblair/.rvm/rubies/ruby-1.8.6-p420/lib/ruby/1.8/webrick/server.rb:173:in `start_thread'
    /Users/arrblair/.rvm/rubies/ruby-1.8.6-p420/lib/ruby/1.8/webrick/server.rb:162:in `start'
    /Users/arrblair/.rvm/rubies/ruby-1.8.6-p420/lib/ruby/1.8/webrick/server.rb:162:in `start_thread'
    /Users/arrblair/.rvm/rubies/ruby-1.8.6-p420/lib/ruby/1.8/webrick/server.rb:95:in `start'
    /Users/arrblair/.rvm/rubies/ruby-1.8.6-p420/lib/ruby/1.8/webrick/server.rb:92:in `each'
    /Users/arrblair/.rvm/rubies/ruby-1.8.6-p420/lib/ruby/1.8/webrick/server.rb:92:in `start'
    /Users/arrblair/.rvm/rubies/ruby-1.8.6-p420/lib/ruby/1.8/webrick/server.rb:23:in `start'
    /Users/arrblair/.rvm/rubies/ruby-1.8.6-p420/lib/ruby/1.8/webrick/server.rb:82:in `start'

Rendered rescues/_trace (109.1ms)
Rendered rescues/_request_and_response (1.2ms)
Rendering rescues/layout (internal_server_error)


Processing IncidentsController#show (for 127.0.0.1 at 2011-09-17 21:11:06) [GET]
  Parameters: {"id"=>"1"}
  [4;35;1mIncident Load (0.1ms)[0m   [0mSELECT * FROM "incidents" WHERE ("incidents"."id" = 1) [0m

ActiveRecord::RecordNotFound (Couldn't find Incident with ID=1):
  app/controllers/incidents_controller.rb:16:in `show'
  /Users/arrblair/.rvm/rubies/ruby-1.8.6-p420/lib/ruby/1.8/webrick/httpserver.rb:104:in `service'
  /Users/arrblair/.rvm/rubies/ruby-1.8.6-p420/lib/ruby/1.8/webrick/httpserver.rb:65:in `run'
  /Users/arrblair/.rvm/rubies/ruby-1.8.6-p420/lib/ruby/1.8/webrick/server.rb:173:in `start_thread'
  /Users/arrblair/.rvm/rubies/ruby-1.8.6-p420/lib/ruby/1.8/webrick/server.rb:162:in `start'
  /Users/arrblair/.rvm/rubies/ruby-1.8.6-p420/lib/ruby/1.8/webrick/server.rb:162:in `start_thread'
  /Users/arrblair/.rvm/rubies/ruby-1.8.6-p420/lib/ruby/1.8/webrick/server.rb:95:in `start'
  /Users/arrblair/.rvm/rubies/ruby-1.8.6-p420/lib/ruby/1.8/webrick/server.rb:92:in `each'
  /Users/arrblair/.rvm/rubies/ruby-1.8.6-p420/lib/ruby/1.8/webrick/server.rb:92:in `start'
  /Users/arrblair/.rvm/rubies/ruby-1.8.6-p420/lib/ruby/1.8/webrick/server.rb:23:in `start'
  /Users/arrblair/.rvm/rubies/ruby-1.8.6-p420/lib/ruby/1.8/webrick/server.rb:82:in `start'

Rendered rescues/_trace (33.8ms)
Rendered rescues/_request_and_response (0.3ms)
Rendering rescues/layout (not_found)


Processing IncidentsController#new (for 127.0.0.1 at 2011-09-17 22:16:20) [GET]
Rendering template within layouts/incidents
Rendering incidents/new

ActionView::TemplateError (undefined method `mountain' for #<Incident id: nil, created_at: nil, updated_at: nil>) on line #8 of app/views/incidents/new.html.erb:
5: 
6:   <p>
7:     <%= f.label :mountain %><br />
8:     <%= f.text_field :mountain %>
9:   </p>
10:   <p>
11:     <%= f.label :latitude %><br />

    app/views/incidents/new.html.erb:8
    app/views/incidents/new.html.erb:3
    app/controllers/incidents_controller.rb:33:in `new'
    /Users/arrblair/.rvm/rubies/ruby-1.8.6-p420/lib/ruby/1.8/webrick/httpserver.rb:104:in `service'
    /Users/arrblair/.rvm/rubies/ruby-1.8.6-p420/lib/ruby/1.8/webrick/httpserver.rb:65:in `run'
    /Users/arrblair/.rvm/rubies/ruby-1.8.6-p420/lib/ruby/1.8/webrick/server.rb:173:in `start_thread'
    /Users/arrblair/.rvm/rubies/ruby-1.8.6-p420/lib/ruby/1.8/webrick/server.rb:162:in `start'
    /Users/arrblair/.rvm/rubies/ruby-1.8.6-p420/lib/ruby/1.8/webrick/server.rb:162:in `start_thread'
    /Users/arrblair/.rvm/rubies/ruby-1.8.6-p420/lib/ruby/1.8/webrick/server.rb:95:in `start'
    /Users/arrblair/.rvm/rubies/ruby-1.8.6-p420/lib/ruby/1.8/webrick/server.rb:92:in `each'
    /Users/arrblair/.rvm/rubies/ruby-1.8.6-p420/lib/ruby/1.8/webrick/server.rb:92:in `start'
    /Users/arrblair/.rvm/rubies/ruby-1.8.6-p420/lib/ruby/1.8/webrick/server.rb:23:in `start'
    /Users/arrblair/.rvm/rubies/ruby-1.8.6-p420/lib/ruby/1.8/webrick/server.rb:82:in `start'

Rendered rescues/_trace (115.9ms)
Rendered rescues/_request_and_response (1.3ms)
Rendering rescues/layout (internal_server_error)
  [4;36;1mSQL (0.4ms)[0m   [0;1m SELECT name
 FROM sqlite_master
 WHERE type = 'table' AND NOT name = 'sqlite_sequence'
[0m
  [4;35;1mSQL (0.1ms)[0m   [0mSELECT version FROM schema_migrations[0m
Migrating to CreateIncidents (20110917214321)
  [4;36;1mSQL (0.2ms)[0m   [0;1mselect sqlite_version(*)[0m
  [4;35;1mSQL (0.2ms)[0m   [0m SELECT name
 FROM sqlite_master
 WHERE type = 'table' AND NOT name = 'sqlite_sequence'
[0m
  [4;36;1mSQL (0.1ms)[0m   [0;1mSELECT version FROM schema_migrations[0m
  [4;35;1mSQL (0.1ms)[0m   [0m SELECT name
 FROM sqlite_master
 WHERE type = 'table' AND NOT name = 'sqlite_sequence'
[0m
  [4;36;1mSQL (0.0ms)[0m   [0;1mPRAGMA index_list("incidents")[0m


Processing IncidentsController#index (for 127.0.0.1 at 2011-09-17 22:20:51) [GET]
  [4;36;1mIncident Load (0.3ms)[0m   [0;1mSELECT * FROM "incidents" [0m
Rendering template within layouts/incidents
Rendering incidents/index
Completed in 13ms (View: 10, DB: 0) | 200 OK [http://localhost/incidents]


Processing IncidentsController#new (for 127.0.0.1 at 2011-09-17 22:21:01) [GET]
Rendering template within layouts/incidents
Rendering incidents/new

ActionView::TemplateError (undefined method `mountain' for #<Incident id: nil, created_at: nil, updated_at: nil>) on line #8 of app/views/incidents/new.html.erb:
5: 
6:   <p>
7:     <%= f.label :mountain %><br />
8:     <%= f.text_field :mountain %>
9:   </p>
10:   <p>
11:     <%= f.label :latitude %><br />

    app/views/incidents/new.html.erb:8
    app/views/incidents/new.html.erb:3
    app/controllers/incidents_controller.rb:33:in `new'
    /Users/arrblair/.rvm/rubies/ruby-1.8.6-p420/lib/ruby/1.8/webrick/httpserver.rb:104:in `service'
    /Users/arrblair/.rvm/rubies/ruby-1.8.6-p420/lib/ruby/1.8/webrick/httpserver.rb:65:in `run'
    /Users/arrblair/.rvm/rubies/ruby-1.8.6-p420/lib/ruby/1.8/webrick/server.rb:173:in `start_thread'
    /Users/arrblair/.rvm/rubies/ruby-1.8.6-p420/lib/ruby/1.8/webrick/server.rb:162:in `start'
    /Users/arrblair/.rvm/rubies/ruby-1.8.6-p420/lib/ruby/1.8/webrick/server.rb:162:in `start_thread'
    /Users/arrblair/.rvm/rubies/ruby-1.8.6-p420/lib/ruby/1.8/webrick/server.rb:95:in `start'
    /Users/arrblair/.rvm/rubies/ruby-1.8.6-p420/lib/ruby/1.8/webrick/server.rb:92:in `each'
    /Users/arrblair/.rvm/rubies/ruby-1.8.6-p420/lib/ruby/1.8/webrick/server.rb:92:in `start'
    /Users/arrblair/.rvm/rubies/ruby-1.8.6-p420/lib/ruby/1.8/webrick/server.rb:23:in `start'
    /Users/arrblair/.rvm/rubies/ruby-1.8.6-p420/lib/ruby/1.8/webrick/server.rb:82:in `start'

Rendered rescues/_trace (113.5ms)
Rendered rescues/_request_and_response (1.2ms)
Rendering rescues/layout (internal_server_error)
  [4;36;1mSQL (0.4ms)[0m   [0;1m SELECT name
 FROM sqlite_master
 WHERE type = 'table' AND NOT name = 'sqlite_sequence'
[0m
  [4;35;1mSQL (0.1ms)[0m   [0mSELECT version FROM schema_migrations[0m
  [4;36;1mSQL (0.4ms)[0m   [0;1m SELECT name
 FROM sqlite_master
 WHERE type = 'table' AND NOT name = 'sqlite_sequence'
[0m
  [4;36;1mSQL (0.4ms)[0m   [0;1m SELECT name
 FROM sqlite_master
 WHERE type = 'table' AND NOT name = 'sqlite_sequence'
[0m
  [4;35;1mSQL (0.1ms)[0m   [0mSELECT version FROM schema_migrations[0m
  [4;36;1mSQL (0.1ms)[0m   [0;1m SELECT name
 FROM sqlite_master
 WHERE type = 'table' AND NOT name = 'sqlite_sequence'
[0m
  [4;35;1mSQL (0.1ms)[0m   [0mSELECT version FROM schema_migrations[0m
Migrating to CreateIncidents (20110917214321)
  [4;36;1mSQL (0.1ms)[0m   [0;1mselect sqlite_version(*)[0m
  [4;35;1mSQL (0.5ms)[0m   [0mDROP TABLE "incidents"[0m
  [4;36;1mSQL (0.1ms)[0m   [0;1mDELETE FROM schema_migrations WHERE version = '20110917214321'[0m
  [4;35;1mSQL (0.2ms)[0m   [0m SELECT name
 FROM sqlite_master
 WHERE type = 'table' AND NOT name = 'sqlite_sequence'
[0m
  [4;36;1mSQL (0.1ms)[0m   [0;1mSELECT version FROM schema_migrations[0m
  [4;35;1mSQL (0.1ms)[0m   [0m SELECT name
 FROM sqlite_master
 WHERE type = 'table' AND NOT name = 'sqlite_sequence'
[0m
  [4;36;1mSQL (0.4ms)[0m   [0;1m SELECT name
 FROM sqlite_master
 WHERE type = 'table' AND NOT name = 'sqlite_sequence'
[0m
  [4;35;1mSQL (0.1ms)[0m   [0mSELECT version FROM schema_migrations[0m
Migrating to CreateIncidents (20110917214321)
  [4;36;1mSQL (0.1ms)[0m   [0;1mselect sqlite_version(*)[0m
  [4;35;1mSQL (0.7ms)[0m   [0mCREATE TABLE "incidents" ("id" INTEGER PRIMARY KEY AUTOINCREMENT NOT NULL, "mountain" varchar(255), "latitude" decimal, "longitude" decimal, "when" datetime, "title" varchar(255), "description" text, "created_at" datetime, "updated_at" datetime) [0m
  [4;36;1mSQL (0.1ms)[0m   [0;1mINSERT INTO schema_migrations (version) VALUES ('20110917214321')[0m
  [4;35;1mSQL (0.2ms)[0m   [0m SELECT name
 FROM sqlite_master
 WHERE type = 'table' AND NOT name = 'sqlite_sequence'
[0m
  [4;36;1mSQL (0.1ms)[0m   [0;1mSELECT version FROM schema_migrations[0m
  [4;35;1mSQL (0.1ms)[0m   [0m SELECT name
 FROM sqlite_master
 WHERE type = 'table' AND NOT name = 'sqlite_sequence'
[0m
  [4;36;1mSQL (0.0ms)[0m   [0;1mPRAGMA index_list("incidents")[0m


Processing IncidentsController#new (for 127.0.0.1 at 2011-09-17 22:33:19) [GET]
Rendering template within layouts/incidents
Rendering incidents/new
Completed in 45ms (View: 41, DB: 0) | 200 OK [http://localhost/incidents/new]


Processing IncidentsController#create (for 127.0.0.1 at 2011-09-17 22:34:59) [POST]
  Parameters: {"incident"=>{"latitude"=>"1", "title"=>"Le Poo", "when(1i)"=>"2015", "when(2i)"=>"2", "when(3i)"=>"7", "description"=>"Stepped in (sh)it and slih doff the cliff.", "when(4i)"=>"05", "mountain"=>"Mount Poodleton", "when(5i)"=>"15", "longitude"=>".25"}, "commit"=>"Create", "authenticity_token"=>"uoigQ0LRuNt0J0B2IetaQ+S8cI6YQsc5EjA26hkWRfU="}
  [4;35;1mIncident Create (0.4ms)[0m   [0mINSERT INTO "incidents" ("latitude", "updated_at", "title", "mountain", "description", "longitude", "when", "created_at") VALUES(1.0, '2011-09-18 05:34:59', 'Le Poo', 'Mount Poodleton', 'Stepped in (sh)it and slih doff the cliff.', 0.25, '2015-02-07 05:15:00', '2011-09-18 05:34:59')[0m
Redirected to http://localhost:3000/incidents/1
Completed in 10ms (DB: 0) | 302 Found [http://localhost/incidents]


Processing IncidentsController#show (for 127.0.0.1 at 2011-09-17 22:34:59) [GET]
  Parameters: {"id"=>"1"}
  [4;36;1mIncident Load (0.2ms)[0m   [0;1mSELECT * FROM "incidents" WHERE ("incidents"."id" = 1) [0m
Rendering template within layouts/incidents
Rendering incidents/show
Completed in 10ms (View: 6, DB: 0) | 200 OK [http://localhost/incidents/1]


Processing IncidentsController#index (for 127.0.0.1 at 2011-09-17 22:35:02) [GET]
  [4;35;1mIncident Load (0.4ms)[0m   [0mSELECT * FROM "incidents" [0m
Rendering template within layouts/incidents
Rendering incidents/index
Completed in 9ms (View: 5, DB: 0) | 200 OK [http://localhost/incidents]
